<html>
<head>
<title>TestNG:  Test</title>
<link href="../testng.css" rel="stylesheet" type="text/css" />
<link href="../my-testng.css" rel="stylesheet" type="text/css" />

<style type="text/css">
.log { display: none;} 
.stack-trace { display: none;} 
</style>
<script type="text/javascript">
<!--
function flip(e) {
  current = e.style.display;
  if (current == 'block') {
    e.style.display = 'none';
    return 0;
  }
  else {
    e.style.display = 'block';
    return 1;
  }
}

function toggleBox(szDivId, elem, msg1, msg2)
{
  var res = -1;  if (document.getElementById) {
    res = flip(document.getElementById(szDivId));
  }
  else if (document.all) {
    // this is the way old msie versions work
    res = flip(document.all[szDivId]);
  }
  if(elem) {
    if(res == 0) elem.innerHTML = msg1; else elem.innerHTML = msg2;
  }

}

function toggleAllBoxes() {
  if (document.getElementsByTagName) {
    d = document.getElementsByTagName('div');
    for (i = 0; i < d.length; i++) {
      if (d[i].className == 'log') {
        flip(d[i]);
      }
    }
  }
}

// -->
</script>

</head>
<body>
<h2 align='center'>Test</h2><table border='1' align="center">
<tr>
<td>Tests passed/Failed/Skipped:</td><td>18/1/0</td>
</tr><tr>
<td>Started on:</td><td>Thu Jul 26 22:55:28 IST 2018</td>
</tr>
<tr><td>Total time:</td><td>314 seconds (314500 ms)</td>
</tr><tr>
<td>Included groups:</td><td></td>
</tr><tr>
<td>Excluded groups:</td><td></td>
</tr>
</table><p/>
<small><i>(Hover the method name to see the test class name)</i></small><p/>
<table width='100%' border='1' class='invocation-failed'>
<tr><td colspan='4' align='center'><b>FAILED TESTS</b></td></tr>
<tr><td><b>Test method</b></td>
<td width="30%"><b>Exception</b></td>
<td width="10%"><b>Time (seconds)</b></td>
<td><b>Instance</b></td>
</tr>
<tr>
<td title='registration.UserRegistration.blank_field()'><b>blank_field</b><br>Test class: registration.UserRegistration</td>
<td><div><pre>org.openqa.selenium.WebDriverException: unknown error: Element &lt;button type=&quot;submit&quot; class=&quot;btn btn-warning&quot; disabled=&quot;disabled&quot;&gt;...&lt;/button&gt; is not clickable at point (634, 601). Other element would receive the click: &lt;div class=&quot;col-md-4&quot;&gt;...&lt;/div&gt;
  (Session info: chrome=67.0.3396.99)
  (Driver info: chromedriver=2.35.528161 (5b82f2d2aae0ca24b877009200ced9065a772e73),platform=Windows NT 10.0.16299 x86_64) (WARNING: The server did not provide any stacktrace information)
Command duration or timeout: 78 milliseconds
Build info: version: &apos;2.53.1&apos;, revision: &apos;a36b8b1cd5757287168e54b817830adce9b0158d&apos;, time: &apos;2016-06-30 19:26:09&apos;
System info: host: &apos;Egipad061&apos;, ip: &apos;192.168.43.107&apos;, os.name: &apos;Windows 10&apos;, os.arch: &apos;amd64&apos;, os.version: &apos;10.0&apos;, java.version: &apos;1.8.0_181&apos;
Driver info: org.openqa.selenium.chrome.ChromeDriver
Capabilities [{applicationCacheEnabled=false, rotatable=false, mobileEmulationEnabled=false, networkConnectionEnabled=false, chrome={chromedriverVersion=2.35.528161 (5b82f2d2aae0ca24b877009200ced9065a772e73), userDataDir=C:\Users\vyadav\AppData\Local\Temp\scoped_dir8560_6506}, takesHeapSnapshot=true, pageLoadStrategy=normal, databaseEnabled=false, handlesAlerts=true, hasTouchScreen=false, version=67.0.3396.99, platform=XP, browserConnectionEnabled=false, nativeEvents=true, acceptSslCerts=false, acceptInsecureCerts=false, locationContextEnabled=true, webStorageEnabled=true, browserName=chrome, takesScreenshot=true, javascriptEnabled=true, cssSelectorsEnabled=true, setWindowRect=true, unexpectedAlertBehaviour=}]
Session ID: 20235d72ad1397be05b3901407efa284
	at org.openqa.selenium.remote.ErrorHandler.createThrowable(ErrorHandler.java:206)
	at org.openqa.selenium.remote.ErrorHandler.throwIfResponseFailed(ErrorHandler.java:158)
	at org.openqa.selenium.remote.RemoteWebDriver.execute(RemoteWebDriver.java:678)
	at org.openqa.selenium.remote.RemoteWebElement.execute(RemoteWebElement.java:327)
	at org.openqa.selenium.remote.RemoteWebElement.click(RemoteWebElement.java:85)
	at registration.UserRegistration.blank_field(UserRegistration.java:62)
	at org.apache.maven.surefire.testng.TestNGExecutor.run(TestNGExecutor.java:283)
	at org.apache.maven.surefire.testng.TestNGXmlTestSuite.execute(TestNGXmlTestSuite.java:75)
	at org.apache.maven.surefire.testng.TestNGProvider.invoke(TestNGProvider.java:120)
	at org.apache.maven.surefire.booter.ForkedBooter.invokeProviderInSameClassLoader(ForkedBooter.java:386)
	at org.apache.maven.surefire.booter.ForkedBooter.runSuitesInProcess(ForkedBooter.java:323)
	at org.apache.maven.surefire.booter.ForkedBooter.main(ForkedBooter.java:143)
... Removed 25 stack frames</pre></div><a href='#' onClick='toggleBox("stack-trace1809194904", this, "Click to show all stack frames", "Click to hide stack frames")'>Click to show all stack frames</a>
<div class='stack-trace' id='stack-trace1809194904'><pre>org.openqa.selenium.WebDriverException: unknown error: Element &lt;button type=&quot;submit&quot; class=&quot;btn btn-warning&quot; disabled=&quot;disabled&quot;&gt;...&lt;/button&gt; is not clickable at point (634, 601). Other element would receive the click: &lt;div class=&quot;col-md-4&quot;&gt;...&lt;/div&gt;
  (Session info: chrome=67.0.3396.99)
  (Driver info: chromedriver=2.35.528161 (5b82f2d2aae0ca24b877009200ced9065a772e73),platform=Windows NT 10.0.16299 x86_64) (WARNING: The server did not provide any stacktrace information)
Command duration or timeout: 78 milliseconds
Build info: version: &apos;2.53.1&apos;, revision: &apos;a36b8b1cd5757287168e54b817830adce9b0158d&apos;, time: &apos;2016-06-30 19:26:09&apos;
System info: host: &apos;Egipad061&apos;, ip: &apos;192.168.43.107&apos;, os.name: &apos;Windows 10&apos;, os.arch: &apos;amd64&apos;, os.version: &apos;10.0&apos;, java.version: &apos;1.8.0_181&apos;
Driver info: org.openqa.selenium.chrome.ChromeDriver
Capabilities [{applicationCacheEnabled=false, rotatable=false, mobileEmulationEnabled=false, networkConnectionEnabled=false, chrome={chromedriverVersion=2.35.528161 (5b82f2d2aae0ca24b877009200ced9065a772e73), userDataDir=C:\Users\vyadav\AppData\Local\Temp\scoped_dir8560_6506}, takesHeapSnapshot=true, pageLoadStrategy=normal, databaseEnabled=false, handlesAlerts=true, hasTouchScreen=false, version=67.0.3396.99, platform=XP, browserConnectionEnabled=false, nativeEvents=true, acceptSslCerts=false, acceptInsecureCerts=false, locationContextEnabled=true, webStorageEnabled=true, browserName=chrome, takesScreenshot=true, javascriptEnabled=true, cssSelectorsEnabled=true, setWindowRect=true, unexpectedAlertBehaviour=}]
Session ID: 20235d72ad1397be05b3901407efa284
	at sun.reflect.NativeConstructorAccessorImpl.newInstance0(Native Method)
	at sun.reflect.NativeConstructorAccessorImpl.newInstance(Unknown Source)
	at sun.reflect.DelegatingConstructorAccessorImpl.newInstance(Unknown Source)
	at java.lang.reflect.Constructor.newInstance(Unknown Source)
	at org.openqa.selenium.remote.ErrorHandler.createThrowable(ErrorHandler.java:206)
	at org.openqa.selenium.remote.ErrorHandler.throwIfResponseFailed(ErrorHandler.java:158)
	at org.openqa.selenium.remote.RemoteWebDriver.execute(RemoteWebDriver.java:678)
	at org.openqa.selenium.remote.RemoteWebElement.execute(RemoteWebElement.java:327)
	at org.openqa.selenium.remote.RemoteWebElement.click(RemoteWebElement.java:85)
	at registration.UserRegistration.blank_field(UserRegistration.java:62)
	at sun.reflect.NativeMethodAccessorImpl.invoke0(Native Method)
	at sun.reflect.NativeMethodAccessorImpl.invoke(Unknown Source)
	at sun.reflect.DelegatingMethodAccessorImpl.invoke(Unknown Source)
	at java.lang.reflect.Method.invoke(Unknown Source)
	at org.testng.internal.MethodInvocationHelper.invokeMethod(MethodInvocationHelper.java:80)
	at org.testng.internal.Invoker.invokeMethod(Invoker.java:714)
	at org.testng.internal.Invoker.invokeTestMethod(Invoker.java:901)
	at org.testng.internal.Invoker.invokeTestMethods(Invoker.java:1231)
	at org.testng.internal.TestMethodWorker.invokeTestMethods(TestMethodWorker.java:127)
	at org.testng.internal.TestMethodWorker.run(TestMethodWorker.java:111)
	at org.testng.TestRunner.privateRun(TestRunner.java:767)
	at org.testng.TestRunner.run(TestRunner.java:617)
	at org.testng.SuiteRunner.runTest(SuiteRunner.java:334)
	at org.testng.SuiteRunner.runSequentially(SuiteRunner.java:329)
	at org.testng.SuiteRunner.privateRun(SuiteRunner.java:291)
	at org.testng.SuiteRunner.run(SuiteRunner.java:240)
	at org.testng.SuiteRunnerWorker.runSuite(SuiteRunnerWorker.java:52)
	at org.testng.SuiteRunnerWorker.run(SuiteRunnerWorker.java:86)
	at org.testng.TestNG.runSuitesSequentially(TestNG.java:1198)
	at org.testng.TestNG.runSuitesLocally(TestNG.java:1123)
	at org.testng.TestNG.run(TestNG.java:1031)
	at org.apache.maven.surefire.testng.TestNGExecutor.run(TestNGExecutor.java:283)
	at org.apache.maven.surefire.testng.TestNGXmlTestSuite.execute(TestNGXmlTestSuite.java:75)
	at org.apache.maven.surefire.testng.TestNGProvider.invoke(TestNGProvider.java:120)
	at org.apache.maven.surefire.booter.ForkedBooter.invokeProviderInSameClassLoader(ForkedBooter.java:386)
	at org.apache.maven.surefire.booter.ForkedBooter.runSuitesInProcess(ForkedBooter.java:323)
	at org.apache.maven.surefire.booter.ForkedBooter.main(ForkedBooter.java:143)
</pre></div></td>
<td>0</td>
<td>registration.UserRegistration@4e04a765</td></tr>
</table><p>
<table width='100%' border='1' class='invocation-passed'>
<tr><td colspan='4' align='center'><b>PASSED TESTS</b></td></tr>
<tr><td><b>Test method</b></td>
<td width="30%"><b>Exception</b></td>
<td width="10%"><b>Time (seconds)</b></td>
<td><b>Instance</b></td>
</tr>
<tr>
<td title='registration.UserRegistration.all_invalid_field_lenth()'><b>all_invalid_field_lenth</b><br>Test class: registration.UserRegistration</td>
<td></td>
<td>1</td>
<td>registration.UserRegistration@4e04a765</td></tr>
<tr>
<td title='registration.UserRegistration.cpwd_blank()'><b>cpwd_blank</b><br>Test class: registration.UserRegistration</td>
<td></td>
<td>1</td>
<td>registration.UserRegistration@4e04a765</td></tr>
<tr>
<td title='registration.UserRegistration.cpwd_length()'><b>cpwd_length</b><br>Test class: registration.UserRegistration</td>
<td></td>
<td>1</td>
<td>registration.UserRegistration@4e04a765</td></tr>
<tr>
<td title='registration.UserRegistration.email_blank()'><b>email_blank</b><br>Test class: registration.UserRegistration</td>
<td></td>
<td>1</td>
<td>registration.UserRegistration@4e04a765</td></tr>
<tr>
<td title='registration.UserRegistration.fname_blank()'><b>fname_blank</b><br>Test class: registration.UserRegistration</td>
<td></td>
<td>1</td>
<td>registration.UserRegistration@4e04a765</td></tr>
<tr>
<td title='registration.UserRegistration.fname_lenth()'><b>fname_lenth</b><br>Test class: registration.UserRegistration</td>
<td></td>
<td>1</td>
<td>registration.UserRegistration@4e04a765</td></tr>
<tr>
<td title='registration.UserRegistration.invalid_email()'><b>invalid_email</b><br>Test class: registration.UserRegistration</td>
<td></td>
<td>1</td>
<td>registration.UserRegistration@4e04a765</td></tr>
<tr>
<td title='registration.UserRegistration.invalid_phone()'><b>invalid_phone</b><br>Test class: registration.UserRegistration</td>
<td></td>
<td>1</td>
<td>registration.UserRegistration@4e04a765</td></tr>
<tr>
<td title='registration.UserRegistration.isfield_present()'><b>isfield_present</b><br>Test class: registration.UserRegistration</td>
<td></td>
<td>0</td>
<td>registration.UserRegistration@4e04a765</td></tr>
<tr>
<td title='registration.UserRegistration.lname_blank()'><b>lname_blank</b><br>Test class: registration.UserRegistration</td>
<td></td>
<td>1</td>
<td>registration.UserRegistration@4e04a765</td></tr>
<tr>
<td title='registration.UserRegistration.lname_lenth()'><b>lname_lenth</b><br>Test class: registration.UserRegistration</td>
<td></td>
<td>1</td>
<td>registration.UserRegistration@4e04a765</td></tr>
<tr>
<td title='registration.UserRegistration.pwd_blank()'><b>pwd_blank</b><br>Test class: registration.UserRegistration</td>
<td></td>
<td>1</td>
<td>registration.UserRegistration@4e04a765</td></tr>
<tr>
<td title='registration.UserRegistration.pwd_length()'><b>pwd_length</b><br>Test class: registration.UserRegistration</td>
<td></td>
<td>1</td>
<td>registration.UserRegistration@4e04a765</td></tr>
<tr>
<td title='registration.UserRegistration.pwd_match()'><b>pwd_match</b><br>Test class: registration.UserRegistration</td>
<td></td>
<td>1</td>
<td>registration.UserRegistration@4e04a765</td></tr>
<tr>
<td title='registration.UserRegistration.pwd_mismatch()'><b>pwd_mismatch</b><br>Test class: registration.UserRegistration</td>
<td></td>
<td>1</td>
<td>registration.UserRegistration@4e04a765</td></tr>
<tr>
<td title='registration.UserRegistration.successful_registration()'><b>successful_registration</b><br>Test class: registration.UserRegistration</td>
<td></td>
<td>2</td>
<td>registration.UserRegistration@4e04a765</td></tr>
<tr>
<td title='registration.UserRegistration.uname_blank()'><b>uname_blank</b><br>Test class: registration.UserRegistration</td>
<td></td>
<td>1</td>
<td>registration.UserRegistration@4e04a765</td></tr>
<tr>
<td title='registration.UserRegistration.uname_length()'><b>uname_length</b><br>Test class: registration.UserRegistration</td>
<td></td>
<td>1</td>
<td>registration.UserRegistration@4e04a765</td></tr>
</table><p>
</body>
</html>