<?xml version="1.0" encoding="UTF-8"?>
<!-- Generated by org.testng.reporters.JUnitXMLReporter -->
<testsuite hostname="Egipad061" name="Test" tests="19" failures="1" timestamp="26 Jul 2018 17:30:43 GMT" time="314.5" errors="0">
  <testcase name="all_invalid_field_lenth" time="1.065" classname="registration.UserRegistration"/>
  <testcase name="blank_field" time="0.972" classname="registration.UserRegistration">
    <failure type="org.openqa.selenium.WebDriverException" message="unknown error: Element &amp;lt;button type=&amp;quot;submit&amp;quot; class=&amp;quot;btn btn-warning&amp;quot; disabled=&amp;quot;disabled&amp;quot;&amp;gt;...&amp;lt;/button&amp;gt; is not clickable at point (634, 601). Other element would receive the click: &amp;lt;div class=&amp;quot;col-md-4&amp;quot;&amp;gt;...&amp;lt;/div&amp;gt;
  (Session info: chrome=67.0.3396.99)
  (Driver info: chromedriver=2.35.528161 (5b82f2d2aae0ca24b877009200ced9065a772e73),platform=Windows NT 10.0.16299 x86_64) (WARNING: The server did not provide any stacktrace information)
Command duration or timeout: 78 milliseconds
Build info: version: &amp;apos;2.53.1&amp;apos;, revision: &amp;apos;a36b8b1cd5757287168e54b817830adce9b0158d&amp;apos;, time: &amp;apos;2016-06-30 19:26:09&amp;apos;
System info: host: &amp;apos;Egipad061&amp;apos;, ip: &amp;apos;192.168.43.107&amp;apos;, os.name: &amp;apos;Windows 10&amp;apos;, os.arch: &amp;apos;amd64&amp;apos;, os.version: &amp;apos;10.0&amp;apos;, java.version: &amp;apos;1.8.0_181&amp;apos;
Driver info: org.openqa.selenium.chrome.ChromeDriver
Capabilities [{applicationCacheEnabled=false, rotatable=false, mobileEmulationEnabled=false, networkConnectionEnabled=false, chrome={chromedriverVersion=2.35.528161 (5b82f2d2aae0ca24b877009200ced9065a772e73), userDataDir=C:\Users\vyadav\AppData\Local\Temp\scoped_dir8560_6506}, takesHeapSnapshot=true, pageLoadStrategy=normal, databaseEnabled=false, handlesAlerts=true, hasTouchScreen=false, version=67.0.3396.99, platform=XP, browserConnectionEnabled=false, nativeEvents=true, acceptSslCerts=false, acceptInsecureCerts=false, locationContextEnabled=true, webStorageEnabled=true, browserName=chrome, takesScreenshot=true, javascriptEnabled=true, cssSelectorsEnabled=true, setWindowRect=true, unexpectedAlertBehaviour=}]
Session ID: 20235d72ad1397be05b3901407efa284">
      <![CDATA[org.openqa.selenium.WebDriverException: unknown error: Element <button type="submit" class="btn btn-warning" disabled="disabled">...</button> is not clickable at point (634, 601). Other element would receive the click: <div class="col-md-4">...</div>
  (Session info: chrome=67.0.3396.99)
  (Driver info: chromedriver=2.35.528161 (5b82f2d2aae0ca24b877009200ced9065a772e73),platform=Windows NT 10.0.16299 x86_64) (WARNING: The server did not provide any stacktrace information)
Command duration or timeout: 78 milliseconds
Build info: version: '2.53.1', revision: 'a36b8b1cd5757287168e54b817830adce9b0158d', time: '2016-06-30 19:26:09'
System info: host: 'Egipad061', ip: '192.168.43.107', os.name: 'Windows 10', os.arch: 'amd64', os.version: '10.0', java.version: '1.8.0_181'
Driver info: org.openqa.selenium.chrome.ChromeDriver
Capabilities [{applicationCacheEnabled=false, rotatable=false, mobileEmulationEnabled=false, networkConnectionEnabled=false, chrome={chromedriverVersion=2.35.528161 (5b82f2d2aae0ca24b877009200ced9065a772e73), userDataDir=C:\Users\vyadav\AppData\Local\Temp\scoped_dir8560_6506}, takesHeapSnapshot=true, pageLoadStrategy=normal, databaseEnabled=false, handlesAlerts=true, hasTouchScreen=false, version=67.0.3396.99, platform=XP, browserConnectionEnabled=false, nativeEvents=true, acceptSslCerts=false, acceptInsecureCerts=false, locationContextEnabled=true, webStorageEnabled=true, browserName=chrome, takesScreenshot=true, javascriptEnabled=true, cssSelectorsEnabled=true, setWindowRect=true, unexpectedAlertBehaviour=}]
Session ID: 20235d72ad1397be05b3901407efa284
	at org.openqa.selenium.remote.ErrorHandler.createThrowable(ErrorHandler.java:206)
	at org.openqa.selenium.remote.ErrorHandler.throwIfResponseFailed(ErrorHandler.java:158)
	at org.openqa.selenium.remote.RemoteWebDriver.execute(RemoteWebDriver.java:678)
	at org.openqa.selenium.remote.RemoteWebElement.execute(RemoteWebElement.java:327)
	at org.openqa.selenium.remote.RemoteWebElement.click(RemoteWebElement.java:85)
	at registration.UserRegistration.blank_field(UserRegistration.java:62)
	at org.apache.maven.surefire.testng.TestNGExecutor.run(TestNGExecutor.java:283)
	at org.apache.maven.surefire.testng.TestNGXmlTestSuite.execute(TestNGXmlTestSuite.java:75)
	at org.apache.maven.surefire.testng.TestNGProvider.invoke(TestNGProvider.java:120)
	at org.apache.maven.surefire.booter.ForkedBooter.invokeProviderInSameClassLoader(ForkedBooter.java:386)
	at org.apache.maven.surefire.booter.ForkedBooter.runSuitesInProcess(ForkedBooter.java:323)
	at org.apache.maven.surefire.booter.ForkedBooter.main(ForkedBooter.java:143)
... Removed 25 stack frames]]>
    </failure>
  </testcase> <!-- blank_field -->
  <testcase name="cpwd_blank" time="1.798" classname="registration.UserRegistration"/>
  <testcase name="cpwd_length" time="1.872" classname="registration.UserRegistration"/>
  <testcase name="email_blank" time="1.373" classname="registration.UserRegistration"/>
  <testcase name="fname_blank" time="1.646" classname="registration.UserRegistration"/>
  <testcase name="fname_lenth" time="1.776" classname="registration.UserRegistration"/>
  <testcase name="invalid_email" time="1.999" classname="registration.UserRegistration"/>
  <testcase name="invalid_phone" time="1.823" classname="registration.UserRegistration"/>
  <testcase name="isfield_present" time="0.4" classname="registration.UserRegistration"/>
  <testcase name="lname_blank" time="1.682" classname="registration.UserRegistration"/>
  <testcase name="lname_lenth" time="1.652" classname="registration.UserRegistration"/>
  <testcase name="pwd_blank" time="1.556" classname="registration.UserRegistration"/>
  <testcase name="pwd_length" time="1.738" classname="registration.UserRegistration"/>
  <testcase name="pwd_match" time="1.442" classname="registration.UserRegistration"/>
  <testcase name="pwd_mismatch" time="1.81" classname="registration.UserRegistration"/>
  <testcase name="successful_registration" time="2.531" classname="registration.UserRegistration"/>
  <testcase name="uname_blank" time="1.659" classname="registration.UserRegistration"/>
  <testcase name="uname_length" time="1.882" classname="registration.UserRegistration"/>
</testsuite> <!-- Test -->
