<?xml version="1.0" encoding="UTF-8"?>
<testsuite xmlns:xsi="http://www.w3.org/2001/XMLSchema-instance" xsi:noNamespaceSchemaLocation="https://maven.apache.org/surefire/maven-surefire-plugin/xsd/surefire-test-report.xsd" name="TestSuite" time="56.439" tests="52" errors="0" skipped="47" failures="1">
  <properties>
    <property name="java.runtime.name" value="Java(TM) SE Runtime Environment"/>
    <property name="sun.boot.library.path" value="C:\Program Files\Java\jre1.8.0_181\bin"/>
    <property name="java.vm.version" value="25.181-b13"/>
    <property name="java.vm.vendor" value="Oracle Corporation"/>
    <property name="maven.multiModuleProjectDirectory" value="E:\MavenANDSelenium\WorkSpace\OnlineTest"/>
    <property name="java.vendor.url" value="http://java.oracle.com/"/>
    <property name="path.separator" value=";"/>
    <property name="guice.disable.misplaced.annotation.check" value="true"/>
    <property name="java.vm.name" value="Java HotSpot(TM) 64-Bit Server VM"/>
    <property name="file.encoding.pkg" value="sun.io"/>
    <property name="user.script" value=""/>
    <property name="user.country" value="IN"/>
    <property name="sun.java.launcher" value="SUN_STANDARD"/>
    <property name="sun.os.patch.level" value=""/>
    <property name="java.vm.specification.name" value="Java Virtual Machine Specification"/>
    <property name="user.dir" value="E:\MavenANDSelenium\WorkSpace\OnlineTest"/>
    <property name="java.runtime.version" value="1.8.0_181-b13"/>
    <property name="java.awt.graphicsenv" value="sun.awt.Win32GraphicsEnvironment"/>
    <property name="java.endorsed.dirs" value="C:\Program Files\Java\jre1.8.0_181\lib\endorsed"/>
    <property name="os.arch" value="amd64"/>
    <property name="java.io.tmpdir" value="C:\Users\vyadav\AppData\Local\Temp\"/>
    <property name="line.separator" value="&#10;"/>
    <property name="java.vm.specification.vendor" value="Oracle Corporation"/>
    <property name="user.variant" value=""/>
    <property name="os.name" value="Windows 10"/>
    <property name="classworlds.conf" value="E:\MavenANDSelenium\WorkSpace\.metadata\.plugins\org.eclipse.m2e.launching\launches\m2conf4773147981023183868.tmp"/>
    <property name="sun.jnu.encoding" value="Cp1252"/>
    <property name="java.library.path" value="C:\Program Files\Java\jre1.8.0_181\bin;C:\WINDOWS\Sun\Java\bin;C:\WINDOWS\system32;C:\WINDOWS;C:/Program Files/Java/jre1.8.0_181/bin/server;C:/Program Files/Java/jre1.8.0_181/bin;C:/Program Files/Java/jre1.8.0_181/lib/amd64;C:\Program Files (x86)\Common Files\Oracle\Java\javapath;C:\Program Files (x86)\Intel\iCLS Client\;C:\ProgramData\Oracle\Java\javapath;C:\Program Files\Intel\iCLS Client\;C:\windows\system32;C:\windows;C:\windows\System32\Wbem;C:\windows\System32\WindowsPowerShell\v1.0\;C:\Program Files (x86)\NVIDIA Corporation\PhysX\Common;C:\Program Files\PuTTY\;C:\Program Files\Java\jdk1.8.0_152\bin;C:\Program Files (x86)\Intel\Intel(R) Management Engine Components\DAL;C:\Program Files\Intel\Intel(R) Management Engine Components\DAL;C:\Program Files (x86)\Intel\Intel(R) Management Engine Components\IPT;C:\Program Files\Intel\Intel(R) Management Engine Components\IPT;C:\Program Files (x86)\Skype\Phone\;C:\WINDOWS\system32;C:\WINDOWS;C:\WINDOWS\System32\Wbem;C:\WINDOWS\System32\WindowsPowerShell\v1.0\;C:\Program Files\Intel\WiFi\bin\;C:\Program Files\Common Files\Intel\WirelessCommon\;C:\Program Files\Git\cmd;C:\Users\vyadav\AppData\Local\Microsoft\WindowsApps;C:\Program Files\Intel\WiFi\bin\;C:\Program Files\Common Files\Intel\WirelessCommon\;C:\Users\vyadav\AppData\Local\Programs\Fiddler;E:\MavenANDSelenium\eclipse;;."/>
    <property name="java.specification.name" value="Java Platform API Specification"/>
    <property name="java.class.version" value="52.0"/>
    <property name="sun.management.compiler" value="HotSpot 64-Bit Tiered Compilers"/>
    <property name="os.version" value="10.0"/>
    <property name="user.home" value="C:\Users\vyadav"/>
    <property name="user.timezone" value="Asia/Calcutta"/>
    <property name="java.awt.printerjob" value="sun.awt.windows.WPrinterJob"/>
    <property name="java.specification.version" value="1.8"/>
    <property name="file.encoding" value="Cp1252"/>
    <property name="user.name" value="vyadav"/>
    <property name="java.class.path" value="E:\MavenANDSelenium\eclipse\plugins\org.eclipse.m2e.maven.runtime_1.9.0.20180606-2035\jars\plexus-classworlds-2.5.2.jar"/>
    <property name="java.vm.specification.version" value="1.8"/>
    <property name="sun.arch.data.model" value="64"/>
    <property name="java.home" value="C:\Program Files\Java\jre1.8.0_181"/>
    <property name="sun.java.command" value="org.codehaus.plexus.classworlds.launcher.Launcher -B test"/>
    <property name="java.specification.vendor" value="Oracle Corporation"/>
    <property name="user.language" value="en"/>
    <property name="awt.toolkit" value="sun.awt.windows.WToolkit"/>
    <property name="java.vm.info" value="mixed mode"/>
    <property name="java.version" value="1.8.0_181"/>
    <property name="java.ext.dirs" value="C:\Program Files\Java\jre1.8.0_181\lib\ext;C:\WINDOWS\Sun\Java\lib\ext"/>
    <property name="sun.boot.class.path" value="C:\Program Files\Java\jre1.8.0_181\lib\resources.jar;C:\Program Files\Java\jre1.8.0_181\lib\rt.jar;C:\Program Files\Java\jre1.8.0_181\lib\sunrsasign.jar;C:\Program Files\Java\jre1.8.0_181\lib\jsse.jar;C:\Program Files\Java\jre1.8.0_181\lib\jce.jar;C:\Program Files\Java\jre1.8.0_181\lib\charsets.jar;C:\Program Files\Java\jre1.8.0_181\lib\jfr.jar;C:\Program Files\Java\jre1.8.0_181\classes"/>
    <property name="java.vendor" value="Oracle Corporation"/>
    <property name="maven.home" value="E:\MavenANDSelenium\WorkSpace\OnlineTest\EMBEDDED"/>
    <property name="file.separator" value="\"/>
    <property name="java.vendor.url.bug" value="http://bugreport.sun.com/bugreport/"/>
    <property name="sun.cpu.endian" value="little"/>
    <property name="sun.io.unicode.encoding" value="UnicodeLittle"/>
    <property name="sun.desktop" value="windows"/>
    <property name="sun.cpu.isalist" value="amd64"/>
  </properties>
  <testcase name="is_pwd_encrypted" classname="registration.UserRegistration" time="0.088"/>
  <testcase name="isfield_present" classname="registration.UserRegistration" time="0.581"/>
  <testcase name="blank_field" classname="registration.UserRegistration" time="1.376"/>
  <testcase name="fname_blank" classname="registration.UserRegistration" time="2.112"/>
  <testcase name="beforeMethod" classname="registration.UserRegistration" time="9.528">
    <failure message="unknown error: failed to change window state to maximized, current state is minimized&#10;  (Session info: chrome=67.0.3396.99)&#10;  (Driver info: chromedriver=2.35.528161 (5b82f2d2aae0ca24b877009200ced9065a772e73),platform=Windows NT 10.0.16299 x86_64) (WARNING: The server did not provide any stacktrace information)&#10;Command duration or timeout: 1.16 seconds&#10;Build info: version: &apos;2.53.1&apos;, revision: &apos;a36b8b1cd5757287168e54b817830adce9b0158d&apos;, time: &apos;2016-06-30 19:26:09&apos;&#10;System info: host: &apos;Egipad061&apos;, ip: &apos;172.16.70.51&apos;, os.name: &apos;Windows 10&apos;, os.arch: &apos;amd64&apos;, os.version: &apos;10.0&apos;, java.version: &apos;1.8.0_181&apos;&#10;Driver info: org.openqa.selenium.chrome.ChromeDriver&#10;Capabilities [{applicationCacheEnabled=false, rotatable=false, mobileEmulationEnabled=false, networkConnectionEnabled=false, chrome={chromedriverVersion=2.35.528161 (5b82f2d2aae0ca24b877009200ced9065a772e73), userDataDir=C:\Users\vyadav\AppData\Local\Temp\scoped_dir25124_20230}, takesHeapSnapshot=true, pageLoadStrategy=normal, databaseEnabled=false, handlesAlerts=true, hasTouchScreen=false, version=67.0.3396.99, platform=XP, browserConnectionEnabled=false, nativeEvents=true, acceptSslCerts=false, acceptInsecureCerts=false, locationContextEnabled=true, webStorageEnabled=true, browserName=chrome, takesScreenshot=true, javascriptEnabled=true, cssSelectorsEnabled=true, setWindowRect=true, unexpectedAlertBehaviour=}]&#10;Session ID: b8ff43346cc9dda09ad39d388336b040" type="org.openqa.selenium.WebDriverException">org.openqa.selenium.WebDriverException: 
unknown error: failed to change window state to maximized, current state is minimized
  (Session info: chrome=67.0.3396.99)
  (Driver info: chromedriver=2.35.528161 (5b82f2d2aae0ca24b877009200ced9065a772e73),platform=Windows NT 10.0.16299 x86_64) (WARNING: The server did not provide any stacktrace information)
Command duration or timeout: 1.16 seconds
Build info: version: '2.53.1', revision: 'a36b8b1cd5757287168e54b817830adce9b0158d', time: '2016-06-30 19:26:09'
System info: host: 'Egipad061', ip: '172.16.70.51', os.name: 'Windows 10', os.arch: 'amd64', os.version: '10.0', java.version: '1.8.0_181'
Driver info: org.openqa.selenium.chrome.ChromeDriver
Capabilities [{applicationCacheEnabled=false, rotatable=false, mobileEmulationEnabled=false, networkConnectionEnabled=false, chrome={chromedriverVersion=2.35.528161 (5b82f2d2aae0ca24b877009200ced9065a772e73), userDataDir=C:\Users\vyadav\AppData\Local\Temp\scoped_dir25124_20230}, takesHeapSnapshot=true, pageLoadStrategy=normal, databaseEnabled=false, handlesAlerts=true, hasTouchScreen=false, version=67.0.3396.99, platform=XP, browserConnectionEnabled=false, nativeEvents=true, acceptSslCerts=false, acceptInsecureCerts=false, locationContextEnabled=true, webStorageEnabled=true, browserName=chrome, takesScreenshot=true, javascriptEnabled=true, cssSelectorsEnabled=true, setWindowRect=true, unexpectedAlertBehaviour=}]
Session ID: b8ff43346cc9dda09ad39d388336b040
	at registration.UserRegistration.beforeMethod(UserRegistration.java:345)
</failure>
    <system-err><![CDATA[Starting ChromeDriver 2.35.528161 (5b82f2d2aae0ca24b877009200ced9065a772e73) on port 25368
Only local connections are allowed.
]]></system-err>
  </testcase>
  <testcase name="beforeMethod" classname="registration.UserRegistration" time="0">
    <skipped/>
  </testcase>
  <testcase name="beforeMethod" classname="registration.UserRegistration" time="0">
    <skipped/>
  </testcase>
  <testcase name="beforeMethod" classname="registration.UserRegistration" time="0">
    <skipped/>
  </testcase>
  <testcase name="beforeMethod" classname="registration.UserRegistration" time="0">
    <skipped/>
  </testcase>
  <testcase name="beforeMethod" classname="registration.UserRegistration" time="0">
    <skipped/>
  </testcase>
  <testcase name="beforeMethod" classname="registration.UserRegistration" time="0">
    <skipped/>
  </testcase>
  <testcase name="beforeMethod" classname="registration.UserRegistration" time="0">
    <skipped/>
  </testcase>
  <testcase name="beforeMethod" classname="registration.UserRegistration" time="0">
    <skipped/>
  </testcase>
  <testcase name="beforeMethod" classname="registration.UserRegistration" time="0">
    <skipped/>
  </testcase>
  <testcase name="beforeMethod" classname="registration.UserRegistration" time="0">
    <skipped/>
  </testcase>
  <testcase name="beforeMethod" classname="registration.UserRegistration" time="0">
    <skipped/>
  </testcase>
  <testcase name="beforeMethod" classname="registration.UserRegistration" time="0">
    <skipped/>
  </testcase>
  <testcase name="beforeMethod" classname="registration.UserRegistration" time="0">
    <skipped/>
  </testcase>
  <testcase name="beforeMethod" classname="registration.UserRegistration" time="0">
    <skipped/>
  </testcase>
  <testcase name="beforeMethod" classname="registration.UserRegistration" time="0">
    <skipped/>
  </testcase>
  <testcase name="lname_blank" classname="registration.UserRegistration" time="0">
    <skipped/>
  </testcase>
  <testcase name="afterMethod" classname="registration.UserRegistration" time="0">
    <skipped/>
  </testcase>
  <testcase name="afterMethod" classname="registration.UserRegistration" time="0">
    <skipped/>
  </testcase>
  <testcase name="afterMethod" classname="registration.UserRegistration" time="0">
    <skipped/>
  </testcase>
  <testcase name="afterMethod" classname="registration.UserRegistration" time="0">
    <skipped/>
  </testcase>
  <testcase name="afterMethod" classname="registration.UserRegistration" time="0">
    <skipped/>
  </testcase>
  <testcase name="afterMethod" classname="registration.UserRegistration" time="0">
    <skipped/>
  </testcase>
  <testcase name="afterMethod" classname="registration.UserRegistration" time="0">
    <skipped/>
  </testcase>
  <testcase name="afterMethod" classname="registration.UserRegistration" time="0">
    <skipped/>
  </testcase>
  <testcase name="afterMethod" classname="registration.UserRegistration" time="0">
    <skipped/>
  </testcase>
  <testcase name="afterMethod" classname="registration.UserRegistration" time="0">
    <skipped/>
  </testcase>
  <testcase name="afterMethod" classname="registration.UserRegistration" time="0">
    <skipped/>
  </testcase>
  <testcase name="afterMethod" classname="registration.UserRegistration" time="0">
    <skipped/>
  </testcase>
  <testcase name="afterMethod" classname="registration.UserRegistration" time="0">
    <skipped/>
  </testcase>
  <testcase name="afterMethod" classname="registration.UserRegistration" time="0">
    <skipped/>
  </testcase>
  <testcase name="afterMethod" classname="registration.UserRegistration" time="0">
    <skipped/>
  </testcase>
  <testcase name="afterMethod" classname="registration.UserRegistration" time="0">
    <skipped/>
  </testcase>
  <testcase name="uname_blank" classname="registration.UserRegistration" time="0">
    <skipped/>
  </testcase>
  <testcase name="pwd_blank" classname="registration.UserRegistration" time="0">
    <skipped/>
  </testcase>
  <testcase name="cpwd_blank" classname="registration.UserRegistration" time="0">
    <skipped/>
  </testcase>
  <testcase name="email_blank" classname="registration.UserRegistration" time="0">
    <skipped/>
  </testcase>
  <testcase name="fname_lenth" classname="registration.UserRegistration" time="0">
    <skipped/>
  </testcase>
  <testcase name="lname_lenth" classname="registration.UserRegistration" time="0">
    <skipped/>
  </testcase>
  <testcase name="uname_length" classname="registration.UserRegistration" time="0">
    <skipped/>
  </testcase>
  <testcase name="pwd_length" classname="registration.UserRegistration" time="0">
    <skipped/>
  </testcase>
  <testcase name="cpwd_length" classname="registration.UserRegistration" time="0">
    <skipped/>
  </testcase>
  <testcase name="invalid_email" classname="registration.UserRegistration" time="0">
    <skipped/>
  </testcase>
  <testcase name="invalid_phone" classname="registration.UserRegistration" time="0">
    <skipped/>
  </testcase>
  <testcase name="all_invalid_field_lenth" classname="registration.UserRegistration" time="0">
    <skipped/>
  </testcase>
  <testcase name="pwd_match" classname="registration.UserRegistration" time="0">
    <skipped/>
  </testcase>
  <testcase name="pwd_mismatch" classname="registration.UserRegistration" time="0">
    <skipped/>
  </testcase>
  <testcase name="successful_registration" classname="registration.UserRegistration" time="0">
    <skipped/>
  </testcase>
</testsuite>